Cloning into '/home/destin/.zsh/antigen/bundles/zsh-users/zsh-completions'...
Cloning into '/home/destin/.zsh/antigen/bundles/zsh-users/zsh-autosuggestions'...
Cloning into '/home/destin/.zsh/antigen/bundles/zdharma/fast-syntax-highlighting'...
Cloning into '/home/destin/.zsh/antigen/bundles/urbainvaes/fzf-marks'...
Cloning into '/home/destin/.zsh/antigen/bundles/zlsun/solarized-man'...
Cloning into '/home/destin/.zsh/antigen/bundles/mafredri/zsh-async'...
Cloning into '/home/destin/.zsh/antigen/bundles/changyuheng/zsh-interactive-cd'...
Cloning into '/home/destin/.zsh/antigen/bundles/changyuheng/zsh-interactive-cd'...
Cloning into '/home/destin/.zsh/antigen/bundles/mafredri/zsh-async'...
Cloning into '/home/destin/.zsh/antigen/bundles/urbainvaes/fzf-marks'...
Cloning into '/home/destin/.zsh/antigen/bundles/zdharma/fast-syntax-highlighting'...
warning: Could not find remote branch master to clone.
fatal: Remote branch master not found in upstream origin
Cloning into '/home/destin/.zsh/antigen/bundles/zlsun/solarized-man'...
Cloning into '/home/destin/.zsh/antigen/bundles/zsh-users/zsh-autosuggestions'...
Cloning into '/home/destin/.zsh/antigen/bundles/zsh-users/zsh-completions'...
Cloning into '/home/destin/.zsh/antigen/bundles/changyuheng/zsh-interactive-cd'...
Cloning into '/home/destin/.zsh/antigen/bundles/mafredri/zsh-async'...
Cloning into '/home/destin/.zsh/antigen/bundles/urbainvaes/fzf-marks'...
Cloning into '/home/destin/.zsh/antigen/bundles/zdharma/fast-syntax-highlighting'...
warning: Could not find remote branch master to clone.
fatal: Remote branch master not found in upstream origin
Cloning into '/home/destin/.zsh/antigen/bundles/zlsun/solarized-man'...
Cloning into '/home/destin/.zsh/antigen/bundles/zsh-users/zsh-autosuggestions'...
Cloning into '/home/destin/.zsh/antigen/bundles/zsh-users/zsh-completions'...
Cloning into '/home/destin/.zsh/antigen/bundles/zsh-users/zsh-completions'...
Cloning into '/home/destin/.zsh/antigen/bundles/zsh-users/zsh-autosuggestions'...
Cloning into '/home/destin/.zsh/antigen/bundles/zdharma-continuum/fast-syntax-highlighting'...
Cloning into '/home/destin/.zsh/antigen/bundles/urbainvaes/fzf-marks'...
Cloning into '/home/destin/.zsh/antigen/bundles/mafredri/zsh-async'...
Cloning into '/home/destin/.zsh/antigen/bundles/zsh-users/zsh-completions'...
Cloning into '/home/destin/.zsh/antigen/bundles/zsh-users/zsh-autosuggestions'...
Cloning into '/home/destin/.zsh/antigen/bundles/urbainvaes/fzf-marks'...
Cloning into '/home/destin/.zsh/antigen/bundles/mafredri/zsh-async'...
Cloning into '/home/destin/.zsh/antigen/bundles/zsh-users/zsh-completions'...
Cloning into '/home/destin/.zsh/antigen/bundles/zsh-users/zsh-autosuggestions'...
Cloning into '/home/destin/.zsh/antigen/bundles/zdharma-continuum/fast-syntax-highlighting'...
Cloning into '/home/destin/.zsh/antigen/bundles/urbainvaes/fzf-marks'...
Cloning into '/home/destin/.zsh/antigen/bundles/mafredri/zsh-async'...
Cloning into '/home/destin/.zsh/antigen/bundles/zsh-users/zsh-completions'...
Cloning into '/home/destin/.zsh/antigen/bundles/zsh-users/zsh-autosuggestions'...
Cloning into '/home/destin/.zsh/antigen/bundles/zsh-users/zsh-syntax-highlighting'...
Cloning into '/home/destin/.zsh/antigen/bundles/urbainvaes/fzf-marks'...
Cloning into '/home/destin/.zsh/antigen/bundles/mafredri/zsh-async'...
Cloning into '/home/destin/.zsh/antigen/bundles/djui/alias-tips'...
