[WRN][1559063314.9615862370] /home/destin/.zsh/antigen/antigen.zsh:266
[WRN][1559063314.9615862370] -antigen-interactive-mode: file:file:shfunc:shfunc $_ANTIGEN_INTERACTIVE = 
[WRN][1559063314.9620039463] /home/destin/.zsh/antigen/antigen.zsh:1572
[WRN][1559063314.9620039463] -antigen-lock-init return code was 0
[LOG][1559063314.9620859623] /home/destin/.zsh/antigen/antigen.zsh:1574
[LOG][1559063314.9620859623] LOADED EXTENSION lock EXT
[WRN][1559063314.9649374485] /home/destin/.zsh/antigen/antigen.zsh:1684
[WRN][1559063314.9649374485] Init parallel extension PARALLEL
[WRN][1559063314.9650514126] /home/destin/.zsh/antigen/antigen.zsh:266
[WRN][1559063314.9650514126] -antigen-interactive-mode: file:file:shfunc:shfunc:shfunc:eval:shfunc:shfunc $_ANTIGEN_INTERACTIVE = 
[WRN][1559063314.9651703835] /home/destin/.zsh/antigen/antigen.zsh:1572
[WRN][1559063314.9651703835] -antigen-parallel-init return code was 0
[LOG][1559063314.9652495384] /home/destin/.zsh/antigen/antigen.zsh:1574
[LOG][1559063314.9652495384] LOADED EXTENSION parallel EXT
[WRN][1559063314.9653375149] /home/destin/.zsh/antigen/antigen.zsh:1692
[WRN][1559063314.9653375149] Exec parallel extension PARALLEL
[WRN][1559063314.9657189846] /home/destin/.zsh/antigen/antigen.zsh:266
[WRN][1559063314.9657189846] -antigen-interactive-mode: file:file:shfunc:shfunc:shfunc:eval:shfunc:shfunc $_ANTIGEN_INTERACTIVE = 
[WRN][1559063314.9658379555] /home/destin/.zsh/antigen/antigen.zsh:1572
[WRN][1559063314.9658379555] -antigen-defer-init return code was 0
[LOG][1559063314.9659178257] /home/destin/.zsh/antigen/antigen.zsh:1574
[LOG][1559063314.9659178257] LOADED EXTENSION defer EXT
[WRN][1559063314.9668667316] /home/destin/.zsh/antigen/antigen.zsh:266
[WRN][1559063314.9668667316] -antigen-interactive-mode: file:file:shfunc:shfunc:shfunc:eval:shfunc:shfunc $_ANTIGEN_INTERACTIVE = 
[WRN][1559063314.9671726227] /home/destin/.zsh/antigen/antigen.zsh:1572
[WRN][1559063314.9671726227] -antigen-cache-init return code was 0
[LOG][1559063314.9672524929] /home/destin/.zsh/antigen/antigen.zsh:1574
[LOG][1559063314.9672524929] LOADED EXTENSION cache EXT
[WRN][1559063314.9690148830] /home/destin/.zsh/antigen/antigen.zsh:1469
[WRN][1559063314.9690148830] Updated meta: target antigen mode once type pre called 1
[WRN][1559063314.9691205025] /home/destin/.zsh/antigen/antigen.zsh:1484
[WRN][1559063314.9691205025] Processing hooks: antigen-lock
[WRN][1559063314.9692010880] /home/destin/.zsh/antigen/antigen.zsh:1487
[WRN][1559063314.9692010880] Pre hook: antigen-lock bundle zsh-users/zsh-completions
[LOG][1559063314.9692871571] /home/destin/.zsh/antigen/antigen.zsh:1658
[LOG][1559063314.9692871571] antigen-lock called
[WRN][1559063314.9693772793] /home/destin/.zsh/antigen/antigen.zsh:1669
[WRN][1559063314.9693772793] Creating antigen-lock file at /home/destin/.zsh/antigen/.lock
[WRN][1559063314.9718346596] /home/destin/.zsh/antigen/antigen.zsh:1505
[WRN][1559063314.9718346596] -antigen-hook-antigen bundle zsh-users/zsh-completions
[WRN][1559063314.9720890522] /home/destin/.zsh/antigen/antigen.zsh:1469
[WRN][1559063314.9720890522] Updated meta: target antigen-bundle mode repeat type replace called 1
[WRN][1559063314.9722311497] /home/destin/.zsh/antigen/antigen.zsh:1469
[WRN][1559063314.9722311497] Updated meta: target antigen-bundle mode repeat type pre called 1
[WRN][1559063314.9723248482] /home/destin/.zsh/antigen/antigen.zsh:1484
[WRN][1559063314.9723248482] Processing hooks: antigen-bundle-defer antigen-bundle-cached
[WRN][1559063314.9724056721] /home/destin/.zsh/antigen/antigen.zsh:1487
[WRN][1559063314.9724056721] Pre hook: antigen-bundle-cached zsh-users/zsh-completions
[WRN][1559063314.9725356102] /home/destin/.zsh/antigen/antigen.zsh:1498
[WRN][1559063314.9725356102] Replace hook: antigen-bundle-defer zsh-users/zsh-completions
[WRN][1559063314.9726548195] /home/destin/.zsh/antigen/antigen.zsh:1500
[WRN][1559063314.9726548195] antigen-bundle-defer shortcircuited
[LOG][1559063314.9727888107] /home/destin/.zsh/antigen/antigen.zsh:1518
[LOG][1559063314.9727888107] Return from hook antigen with 0
[WRN][1559063314.9730346203] /home/destin/.zsh/antigen/antigen.zsh:1462
[WRN][1559063314.9730346203] Ignoring hook due to mode once: antigen-lock
[WRN][1559063314.9731173515] /home/destin/.zsh/antigen/antigen.zsh:1484
[WRN][1559063314.9731173515] Processing hooks: antigen-lock
[WRN][1559063314.9732105732] /home/destin/.zsh/antigen/antigen.zsh:1505
[WRN][1559063314.9732105732] -antigen-hook-antigen bundle zsh-users/zsh-autosuggestions
[WRN][1559063314.9734318256] /home/destin/.zsh/antigen/antigen.zsh:1469
[WRN][1559063314.9734318256] Updated meta: target antigen-bundle mode repeat type replace called 2
[WRN][1559063314.9735689163] /home/destin/.zsh/antigen/antigen.zsh:1469
[WRN][1559063314.9735689163] Updated meta: target antigen-bundle mode repeat type pre called 2
[WRN][1559063314.9736618996] /home/destin/.zsh/antigen/antigen.zsh:1484
[WRN][1559063314.9736618996] Processing hooks: antigen-bundle-defer antigen-bundle-cached
[WRN][1559063314.9737417698] /home/destin/.zsh/antigen/antigen.zsh:1487
[WRN][1559063314.9737417698] Pre hook: antigen-bundle-cached zsh-users/zsh-autosuggestions
[WRN][1559063314.9738714695] /home/destin/.zsh/antigen/antigen.zsh:1498
[WRN][1559063314.9738714695] Replace hook: antigen-bundle-defer zsh-users/zsh-autosuggestions
[WRN][1559063314.9739830494] /home/destin/.zsh/antigen/antigen.zsh:1500
[WRN][1559063314.9739830494] antigen-bundle-defer shortcircuited
[LOG][1559063314.9741165638] /home/destin/.zsh/antigen/antigen.zsh:1518
[LOG][1559063314.9741165638] Return from hook antigen with 0
[WRN][1559063314.9743380547] /home/destin/.zsh/antigen/antigen.zsh:1462
[WRN][1559063314.9743380547] Ignoring hook due to mode once: antigen-lock
[WRN][1559063314.9744207859] /home/destin/.zsh/antigen/antigen.zsh:1484
[WRN][1559063314.9744207859] Processing hooks: antigen-lock
[WRN][1559063314.9745140076] /home/destin/.zsh/antigen/antigen.zsh:1505
[WRN][1559063314.9745140076] -antigen-hook-antigen bundle zdharma/fast-syntax-highlighting
[WRN][1559063314.9747343063] /home/destin/.zsh/antigen/antigen.zsh:1469
[WRN][1559063314.9747343063] Updated meta: target antigen-bundle mode repeat type replace called 3
[WRN][1559063314.9748682976] /home/destin/.zsh/antigen/antigen.zsh:1469
[WRN][1559063314.9748682976] Updated meta: target antigen-bundle mode repeat type pre called 3
[WRN][1559063314.9749610424] /home/destin/.zsh/antigen/antigen.zsh:1484
[WRN][1559063314.9749610424] Processing hooks: antigen-bundle-defer antigen-bundle-cached
[WRN][1559063314.9750411510] /home/destin/.zsh/antigen/antigen.zsh:1487
[WRN][1559063314.9750411510] Pre hook: antigen-bundle-cached zdharma/fast-syntax-highlighting
[WRN][1559063314.9751718044] /home/destin/.zsh/antigen/antigen.zsh:1498
[WRN][1559063314.9751718044] Replace hook: antigen-bundle-defer zdharma/fast-syntax-highlighting
[WRN][1559063314.9752867222] /home/destin/.zsh/antigen/antigen.zsh:1500
[WRN][1559063314.9752867222] antigen-bundle-defer shortcircuited
[LOG][1559063314.9754216671] /home/destin/.zsh/antigen/antigen.zsh:1518
[LOG][1559063314.9754216671] Return from hook antigen with 0
[WRN][1559063314.9756314754] /home/destin/.zsh/antigen/antigen.zsh:1462
[WRN][1559063314.9756314754] Ignoring hook due to mode once: antigen-lock
[WRN][1559063314.9757139683] /home/destin/.zsh/antigen/antigen.zsh:1484
[WRN][1559063314.9757139683] Processing hooks: antigen-lock
[WRN][1559063314.9758055210] /home/destin/.zsh/antigen/antigen.zsh:1505
[WRN][1559063314.9758055210] -antigen-hook-antigen bundle zlsun/solarized-man
[WRN][1559063314.9760248661] /home/destin/.zsh/antigen/antigen.zsh:1469
[WRN][1559063314.9760248661] Updated meta: target antigen-bundle mode repeat type replace called 4
[WRN][1559063314.9761779308] /home/destin/.zsh/antigen/antigen.zsh:1469
[WRN][1559063314.9761779308] Updated meta: target antigen-bundle mode repeat type pre called 4
[WRN][1559063314.9762716293] /home/destin/.zsh/antigen/antigen.zsh:1484
[WRN][1559063314.9762716293] Processing hooks: antigen-bundle-defer antigen-bundle-cached
[WRN][1559063314.9763512611] /home/destin/.zsh/antigen/antigen.zsh:1487
[WRN][1559063314.9763512611] Pre hook: antigen-bundle-cached zlsun/solarized-man
[WRN][1559063314.9764876366] /home/destin/.zsh/antigen/antigen.zsh:1498
[WRN][1559063314.9764876366] Replace hook: antigen-bundle-defer zlsun/solarized-man
[WRN][1559063314.9765987396] /home/destin/.zsh/antigen/antigen.zsh:1500
[WRN][1559063314.9765987396] antigen-bundle-defer shortcircuited
[LOG][1559063314.9767329693] /home/destin/.zsh/antigen/antigen.zsh:1518
[LOG][1559063314.9767329693] Return from hook antigen with 0
[WRN][1559063314.9769372940] /home/destin/.zsh/antigen/antigen.zsh:1462
[WRN][1559063314.9769372940] Ignoring hook due to mode once: antigen-lock
[WRN][1559063314.9770193100] /home/destin/.zsh/antigen/antigen.zsh:1484
[WRN][1559063314.9770193100] Processing hooks: antigen-lock
[WRN][1559063314.9771125317] /home/destin/.zsh/antigen/antigen.zsh:1505
[WRN][1559063314.9771125317] -antigen-hook-antigen bundle changyuheng/zsh-interactive-cd
[WRN][1559063314.9773328304] /home/destin/.zsh/antigen/antigen.zsh:1469
[WRN][1559063314.9773328304] Updated meta: target antigen-bundle mode repeat type replace called 5
[WRN][1559063314.9774672985] /home/destin/.zsh/antigen/antigen.zsh:1469
[WRN][1559063314.9774672985] Updated meta: target antigen-bundle mode repeat type pre called 5
[WRN][1559063314.9775602818] /home/destin/.zsh/antigen/antigen.zsh:1484
[WRN][1559063314.9775602818] Processing hooks: antigen-bundle-defer antigen-bundle-cached
[WRN][1559063314.9776411057] /home/destin/.zsh/antigen/antigen.zsh:1487
[WRN][1559063314.9776411057] Pre hook: antigen-bundle-cached changyuheng/zsh-interactive-cd
[WRN][1559063314.9777722359] /home/destin/.zsh/antigen/antigen.zsh:1498
[WRN][1559063314.9777722359] Replace hook: antigen-bundle-defer changyuheng/zsh-interactive-cd
[WRN][1559063314.9778990746] /home/destin/.zsh/antigen/antigen.zsh:1500
[WRN][1559063314.9778990746] antigen-bundle-defer shortcircuited
[LOG][1559063314.9780361652] /home/destin/.zsh/antigen/antigen.zsh:1518
[LOG][1559063314.9780361652] Return from hook antigen with 0
[WRN][1559063314.9782626629] /home/destin/.zsh/antigen/antigen.zsh:1462
[WRN][1559063314.9782626629] Ignoring hook due to mode once: antigen-lock
[WRN][1559063314.9783451557] /home/destin/.zsh/antigen/antigen.zsh:1484
[WRN][1559063314.9783451557] Processing hooks: antigen-lock
[WRN][1559063314.9784379005] /home/destin/.zsh/antigen/antigen.zsh:1505
[WRN][1559063314.9784379005] -antigen-hook-antigen bundle urbainvaes/fzf-marks
[WRN][1559063314.9786577225] /home/destin/.zsh/antigen/antigen.zsh:1469
[WRN][1559063314.9786577225] Updated meta: target antigen-bundle mode repeat type replace called 6
[WRN][1559063314.9787919521] /home/destin/.zsh/antigen/antigen.zsh:1469
[WRN][1559063314.9787919521] Updated meta: target antigen-bundle mode repeat type pre called 6
[WRN][1559063314.9788846970] /home/destin/.zsh/antigen/antigen.zsh:1484
[WRN][1559063314.9788846970] Processing hooks: antigen-bundle-defer antigen-bundle-cached
[WRN][1559063314.9789648056] /home/destin/.zsh/antigen/antigen.zsh:1487
[WRN][1559063314.9789648056] Pre hook: antigen-bundle-cached urbainvaes/fzf-marks
[WRN][1559063314.9790940285] /home/destin/.zsh/antigen/antigen.zsh:1498
[WRN][1559063314.9790940285] Replace hook: antigen-bundle-defer urbainvaes/fzf-marks
[WRN][1559063314.9792053699] /home/destin/.zsh/antigen/antigen.zsh:1500
[WRN][1559063314.9792053699] antigen-bundle-defer shortcircuited
[LOG][1559063314.9793395996] /home/destin/.zsh/antigen/antigen.zsh:1518
[LOG][1559063314.9793395996] Return from hook antigen with 0
[WRN][1559063314.9795482159] /home/destin/.zsh/antigen/antigen.zsh:1462
[WRN][1559063314.9795482159] Ignoring hook due to mode once: antigen-lock
[WRN][1559063314.9796304703] /home/destin/.zsh/antigen/antigen.zsh:1484
[WRN][1559063314.9796304703] Processing hooks: antigen-lock
[WRN][1559063314.9797224998] /home/destin/.zsh/antigen/antigen.zsh:1505
[WRN][1559063314.9797224998] -antigen-hook-antigen theme bhilburn/powerlevel9k powerlevel9k
[WRN][1559063314.9821298122] /home/destin/.zsh/antigen/antigen.zsh:1469
[WRN][1559063314.9821298122] Updated meta: target antigen-bundle mode repeat type replace called 7
[WRN][1559063314.9822838306] /home/destin/.zsh/antigen/antigen.zsh:1469
[WRN][1559063314.9822838306] Updated meta: target antigen-bundle mode repeat type pre called 7
[WRN][1559063314.9823782444] /home/destin/.zsh/antigen/antigen.zsh:1484
[WRN][1559063314.9823782444] Processing hooks: antigen-bundle-defer antigen-bundle-cached
[WRN][1559063314.9824604988] /home/destin/.zsh/antigen/antigen.zsh:1487
[WRN][1559063314.9824604988] Pre hook: antigen-bundle-cached bhilburn/powerlevel9k powerlevel9k --btype=theme
[WRN][1559063314.9825954437] /home/destin/.zsh/antigen/antigen.zsh:1498
[WRN][1559063314.9825954437] Replace hook: antigen-bundle-defer bhilburn/powerlevel9k powerlevel9k --btype=theme
[WRN][1559063314.9827153683] /home/destin/.zsh/antigen/antigen.zsh:1500
[WRN][1559063314.9827153683] antigen-bundle-defer shortcircuited
[LOG][1559063314.9828929901] /home/destin/.zsh/antigen/antigen.zsh:1518
[LOG][1559063314.9828929901] Return from hook antigen with 0
[WRN][1559063314.9831109047] /home/destin/.zsh/antigen/antigen.zsh:1462
[WRN][1559063314.9831109047] Ignoring hook due to mode once: antigen-lock
[WRN][1559063314.9831938744] /home/destin/.zsh/antigen/antigen.zsh:1484
[WRN][1559063314.9831938744] Processing hooks: antigen-lock
[WRN][1559063314.9832856655] /home/destin/.zsh/antigen/antigen.zsh:1505
[WRN][1559063314.9832856655] -antigen-hook-antigen apply
[WRN][1559063314.9835102558] /home/destin/.zsh/antigen/antigen.zsh:1469
[WRN][1559063314.9835102558] Updated meta: target antigen-apply mode once type post called 1
[WRN][1559063314.9836459160] /home/destin/.zsh/antigen/antigen.zsh:1469
[WRN][1559063314.9836459160] Updated meta: target antigen-apply mode once type pre called 1
[WRN][1559063314.9837801456] /home/destin/.zsh/antigen/antigen.zsh:1469
[WRN][1559063314.9837801456] Updated meta: target antigen-apply mode once type replace called 1
[WRN][1559063314.9839131832] /home/destin/.zsh/antigen/antigen.zsh:1469
[WRN][1559063314.9839131832] Updated meta: target antigen-apply mode once type pre called 1
[WRN][1559063314.9840445518] /home/destin/.zsh/antigen/antigen.zsh:1469
[WRN][1559063314.9840445518] Updated meta: target antigen-apply mode once type post called 1
[WRN][1559063314.9841392040] /home/destin/.zsh/antigen/antigen.zsh:1484
[WRN][1559063314.9841392040] Processing hooks: antigen-apply-lock antigen-apply-parallel antigen-apply-parallel-execute antigen-apply-defer antigen-apply-cached
[WRN][1559063314.9842202663] /home/destin/.zsh/antigen/antigen.zsh:1487
[WRN][1559063314.9842202663] Pre hook: antigen-apply-parallel
[WRN][1559063314.9843068123] /home/destin/.zsh/antigen/antigen.zsh:1744
[WRN][1559063314.9843068123] Parallel pre-apply PARALLEL PRE-APPLY
[WRN][1559063314.9845075607] /home/destin/.zsh/antigen/antigen.zsh:1487
[WRN][1559063314.9845075607] Pre hook: antigen-apply-defer
[WRN][1559063314.9845936298] /home/destin/.zsh/antigen/antigen.zsh:1623
[WRN][1559063314.9845936298] Defer pre-apply DEFER PRE-APPLY
[LOG][1559063314.9848065376] /home/destin/.zsh/antigen/antigen.zsh:1629
[LOG][1559063314.9848065376] Processing deferred bundle: zsh-users/zsh-completions DEFER
[WRN][1559063314.9850039482] /home/destin/.zsh/antigen/antigen.zsh:1469
[WRN][1559063314.9850039482] Updated meta: target antigen-bundle mode repeat type pre called 8
[WRN][1559063314.9851415157] /home/destin/.zsh/antigen/antigen.zsh:1469
[WRN][1559063314.9851415157] Updated meta: target antigen-bundle mode repeat type replace called 1
[WRN][1559063314.9852373600] /home/destin/.zsh/antigen/antigen.zsh:1484
[WRN][1559063314.9852373600] Processing hooks: antigen-bundle-cached antigen-bundle-parallel
[WRN][1559063314.9853184223] /home/destin/.zsh/antigen/antigen.zsh:1487
[WRN][1559063314.9853184223] Pre hook: antigen-bundle-cached zsh-users/zsh-completions
[WRN][1559063314.9854521751] /home/destin/.zsh/antigen/antigen.zsh:1498
[WRN][1559063314.9854521751] Replace hook: antigen-bundle-parallel zsh-users/zsh-completions
[TRA][1559063314.9855446815] /home/destin/.zsh/.zshrc:1748
[TRA][1559063314.9855446815] antigen-bundle-parallel: zsh-users/zsh-completions PARALLEL
[TRA][1559063314.9855446815] TRACE
antigen-bundle-parallel
-antigen-hook-handler
antigen-bundle
antigen-apply-defer
-antigen-hook-handler
antigen-apply
-antigen-hook-antigen
-antigen-hook-handler
antigen
/home/destin/.zsh/.zshrc
[WRN][1559063314.9856641293] /home/destin/.zsh/antigen/antigen.zsh:1509
[WRN][1559063314.9856641293] Replaced hooked function.
[LOG][1559063314.9857482910] /home/destin/.zsh/antigen/antigen.zsh:1518
[LOG][1559063314.9857482910] Return from hook antigen-bundle with 0
[LOG][1559063314.9858584404] /home/destin/.zsh/antigen/antigen.zsh:1629
[LOG][1559063314.9858584404] Processing deferred bundle: zsh-users/zsh-autosuggestions DEFER
[WRN][1559063314.9860477448] /home/destin/.zsh/antigen/antigen.zsh:1469
[WRN][1559063314.9860477448] Updated meta: target antigen-bundle mode repeat type pre called 9
[WRN][1559063314.9861822128] /home/destin/.zsh/antigen/antigen.zsh:1469
[WRN][1559063314.9861822128] Updated meta: target antigen-bundle mode repeat type replace called 2
[WRN][1559063314.9862768650] /home/destin/.zsh/antigen/antigen.zsh:1484
[WRN][1559063314.9862768650] Processing hooks: antigen-bundle-cached antigen-bundle-parallel
[WRN][1559063314.9863584042] /home/destin/.zsh/antigen/antigen.zsh:1487
[WRN][1559063314.9863584042] Pre hook: antigen-bundle-cached zsh-users/zsh-autosuggestions
[WRN][1559063314.9864914417] /home/destin/.zsh/antigen/antigen.zsh:1498
[WRN][1559063314.9864914417] Replace hook: antigen-bundle-parallel zsh-users/zsh-autosuggestions
[TRA][1559063314.9865791798] /home/destin/.zsh/.zshrc:1748
[TRA][1559063314.9865791798] antigen-bundle-parallel: zsh-users/zsh-autosuggestions PARALLEL
[TRA][1559063314.9865791798] TRACE
antigen-bundle-parallel
-antigen-hook-handler
antigen-bundle
antigen-apply-defer
-antigen-hook-handler
antigen-apply
-antigen-hook-antigen
-antigen-hook-handler
antigen
/home/destin/.zsh/.zshrc
[WRN][1559063314.9866890907] /home/destin/.zsh/antigen/antigen.zsh:1509
[WRN][1559063314.9866890907] Replaced hooked function.
[LOG][1559063314.9867718220] /home/destin/.zsh/antigen/antigen.zsh:1518
[LOG][1559063314.9867718220] Return from hook antigen-bundle with 0
[LOG][1559063314.9868807793] /home/destin/.zsh/antigen/antigen.zsh:1629
[LOG][1559063314.9868807793] Processing deferred bundle: zdharma/fast-syntax-highlighting DEFER
[WRN][1559063314.9870693684] /home/destin/.zsh/antigen/antigen.zsh:1469
[WRN][1559063314.9870693684] Updated meta: target antigen-bundle mode repeat type pre called 10
[WRN][1559063314.9872031212] /home/destin/.zsh/antigen/antigen.zsh:1469
[WRN][1559063314.9872031212] Updated meta: target antigen-bundle mode repeat type replace called 3
[WRN][1559063314.9872987270] /home/destin/.zsh/antigen/antigen.zsh:1484
[WRN][1559063314.9872987270] Processing hooks: antigen-bundle-cached antigen-bundle-parallel
[WRN][1559063314.9873802662] /home/destin/.zsh/antigen/antigen.zsh:1487
[WRN][1559063314.9873802662] Pre hook: antigen-bundle-cached zdharma/fast-syntax-highlighting
[WRN][1559063314.9875121117] /home/destin/.zsh/antigen/antigen.zsh:1498
[WRN][1559063314.9875121117] Replace hook: antigen-bundle-parallel zdharma/fast-syntax-highlighting
[TRA][1559063314.9876003265] /home/destin/.zsh/.zshrc:1748
[TRA][1559063314.9876003265] antigen-bundle-parallel: zdharma/fast-syntax-highlighting PARALLEL
[TRA][1559063314.9876003265] TRACE
antigen-bundle-parallel
-antigen-hook-handler
antigen-bundle
antigen-apply-defer
-antigen-hook-handler
antigen-apply
-antigen-hook-antigen
-antigen-hook-handler
antigen
/home/destin/.zsh/.zshrc
[WRN][1559063314.9877138138] /home/destin/.zsh/antigen/antigen.zsh:1509
[WRN][1559063314.9877138138] Replaced hooked function.
[LOG][1559063314.9877970219] /home/destin/.zsh/antigen/antigen.zsh:1518
[LOG][1559063314.9877970219] Return from hook antigen-bundle with 0
[LOG][1559063314.9879224300] /home/destin/.zsh/antigen/antigen.zsh:1629
[LOG][1559063314.9879224300] Processing deferred bundle: zlsun/solarized-man DEFER
[WRN][1559063314.9881136417] /home/destin/.zsh/antigen/antigen.zsh:1469
[WRN][1559063314.9881136417] Updated meta: target antigen-bundle mode repeat type pre called 11
[WRN][1559063314.9882543087] /home/destin/.zsh/antigen/antigen.zsh:1469
[WRN][1559063314.9882543087] Updated meta: target antigen-bundle mode repeat type replace called 4
[WRN][1559063314.9883496761] /home/destin/.zsh/antigen/antigen.zsh:1484
[WRN][1559063314.9883496761] Processing hooks: antigen-bundle-cached antigen-bundle-parallel
[WRN][1559063314.9884309769] /home/destin/.zsh/antigen/antigen.zsh:1487
[WRN][1559063314.9884309769] Pre hook: antigen-bundle-cached zlsun/solarized-man
[WRN][1559063314.9885640144] /home/destin/.zsh/antigen/antigen.zsh:1498
[WRN][1559063314.9885640144] Replace hook: antigen-bundle-parallel zlsun/solarized-man
[TRA][1559063314.9886515141] /home/destin/.zsh/.zshrc:1748
[TRA][1559063314.9886515141] antigen-bundle-parallel: zlsun/solarized-man PARALLEL
[TRA][1559063314.9886515141] TRACE
antigen-bundle-parallel
-antigen-hook-handler
antigen-bundle
antigen-apply-defer
-antigen-hook-handler
antigen-apply
-antigen-hook-antigen
-antigen-hook-handler
antigen
/home/destin/.zsh/.zshrc
[WRN][1559063314.9887611866] /home/destin/.zsh/antigen/antigen.zsh:1509
[WRN][1559063314.9887611866] Replaced hooked function.
[LOG][1559063314.9888441563] /home/destin/.zsh/antigen/antigen.zsh:1518
[LOG][1559063314.9888441563] Return from hook antigen-bundle with 0
[LOG][1559063314.9889545441] /home/destin/.zsh/antigen/antigen.zsh:1629
[LOG][1559063314.9889545441] Processing deferred bundle: changyuheng/zsh-interactive-cd DEFER
[WRN][1559063314.9891436100] /home/destin/.zsh/antigen/antigen.zsh:1469
[WRN][1559063314.9891436100] Updated meta: target antigen-bundle mode repeat type pre called 12
[WRN][1559063314.9892785549] /home/destin/.zsh/antigen/antigen.zsh:1469
[WRN][1559063314.9892785549] Updated meta: target antigen-bundle mode repeat type replace called 5
[WRN][1559063314.9893741608] /home/destin/.zsh/antigen/antigen.zsh:1484
[WRN][1559063314.9893741608] Processing hooks: antigen-bundle-cached antigen-bundle-parallel
[WRN][1559063314.9894552231] /home/destin/.zsh/antigen/antigen.zsh:1487
[WRN][1559063314.9894552231] Pre hook: antigen-bundle-cached changyuheng/zsh-interactive-cd
[WRN][1559063314.9895873070] /home/destin/.zsh/antigen/antigen.zsh:1498
[WRN][1559063314.9895873070] Replace hook: antigen-bundle-parallel changyuheng/zsh-interactive-cd
[TRA][1559063314.9896750450] /home/destin/.zsh/.zshrc:1748
[TRA][1559063314.9896750450] antigen-bundle-parallel: changyuheng/zsh-interactive-cd PARALLEL
[TRA][1559063314.9896750450] TRACE
antigen-bundle-parallel
-antigen-hook-handler
antigen-bundle
antigen-apply-defer
-antigen-hook-handler
antigen-apply
-antigen-hook-antigen
-antigen-hook-handler
antigen
/home/destin/.zsh/.zshrc
[WRN][1559063314.9897859097] /home/destin/.zsh/antigen/antigen.zsh:1509
[WRN][1559063314.9897859097] Replaced hooked function.
[LOG][1559063314.9898686409] /home/destin/.zsh/antigen/antigen.zsh:1518
[LOG][1559063314.9898686409] Return from hook antigen-bundle with 0
[LOG][1559063314.9899775982] /home/destin/.zsh/antigen/antigen.zsh:1629
[LOG][1559063314.9899775982] Processing deferred bundle: urbainvaes/fzf-marks DEFER
[WRN][1559063314.9901664257] /home/destin/.zsh/antigen/antigen.zsh:1469
[WRN][1559063314.9901664257] Updated meta: target antigen-bundle mode repeat type pre called 13
[WRN][1559063314.9903008938] /home/destin/.zsh/antigen/antigen.zsh:1469
[WRN][1559063314.9903008938] Updated meta: target antigen-bundle mode repeat type replace called 6
[WRN][1559063314.9903957844] /home/destin/.zsh/antigen/antigen.zsh:1484
[WRN][1559063314.9903957844] Processing hooks: antigen-bundle-cached antigen-bundle-parallel
[WRN][1559063314.9904768467] /home/destin/.zsh/antigen/antigen.zsh:1487
[WRN][1559063314.9904768467] Pre hook: antigen-bundle-cached urbainvaes/fzf-marks
[WRN][1559063314.9906098843] /home/destin/.zsh/antigen/antigen.zsh:1498
[WRN][1559063314.9906098843] Replace hook: antigen-bundle-parallel urbainvaes/fzf-marks
[TRA][1559063314.9906985760] /home/destin/.zsh/.zshrc:1748
[TRA][1559063314.9906985760] antigen-bundle-parallel: urbainvaes/fzf-marks PARALLEL
[TRA][1559063314.9906985760] TRACE
antigen-bundle-parallel
-antigen-hook-handler
antigen-bundle
antigen-apply-defer
-antigen-hook-handler
antigen-apply
-antigen-hook-antigen
-antigen-hook-handler
antigen
/home/destin/.zsh/.zshrc
[WRN][1559063314.9908144474] /home/destin/.zsh/antigen/antigen.zsh:1509
[WRN][1559063314.9908144474] Replaced hooked function.
[LOG][1559063314.9908974171] /home/destin/.zsh/antigen/antigen.zsh:1518
[LOG][1559063314.9908974171] Return from hook antigen-bundle with 0
[LOG][1559063314.9910063744] /home/destin/.zsh/antigen/antigen.zsh:1629
[LOG][1559063314.9910063744] Processing deferred bundle: bhilburn/powerlevel9k powerlevel9k --btype=theme DEFER
[WRN][1559063314.9911983013] /home/destin/.zsh/antigen/antigen.zsh:1469
[WRN][1559063314.9911983013] Updated meta: target antigen-bundle mode repeat type pre called 14
[WRN][1559063314.9913337231] /home/destin/.zsh/antigen/antigen.zsh:1469
[WRN][1559063314.9913337231] Updated meta: target antigen-bundle mode repeat type replace called 7
[WRN][1559063314.9914295673] /home/destin/.zsh/antigen/antigen.zsh:1484
[WRN][1559063314.9914295673] Processing hooks: antigen-bundle-cached antigen-bundle-parallel
[WRN][1559063314.9915115833] /home/destin/.zsh/antigen/antigen.zsh:1487
[WRN][1559063314.9915115833] Pre hook: antigen-bundle-cached bhilburn/powerlevel9k powerlevel9k --btype=theme
[WRN][1559063314.9916446209] /home/destin/.zsh/antigen/antigen.zsh:1498
[WRN][1559063314.9916446209] Replace hook: antigen-bundle-parallel bhilburn/powerlevel9k powerlevel9k --btype=theme
[TRA][1559063314.9917328358] /home/destin/.zsh/.zshrc:1748
[TRA][1559063314.9917328358] antigen-bundle-parallel: bhilburn/powerlevel9k powerlevel9k --btype=theme PARALLEL
[TRA][1559063314.9917328358] TRACE
antigen-bundle-parallel
-antigen-hook-handler
antigen-bundle
antigen-apply-defer
-antigen-hook-handler
antigen-apply
-antigen-hook-antigen
-antigen-hook-handler
antigen
/home/destin/.zsh/.zshrc
[WRN][1559063314.9918439388] /home/destin/.zsh/antigen/antigen.zsh:1509
[WRN][1559063314.9918439388] Replaced hooked function.
[LOG][1559063314.9919266701] /home/destin/.zsh/antigen/antigen.zsh:1518
[LOG][1559063314.9919266701] Return from hook antigen-bundle with 0
[WRN][1559063314.9920763969] /home/destin/.zsh/antigen/antigen.zsh:1498
[WRN][1559063314.9920763969] Replace hook: antigen-apply-parallel-execute
[WRN][1559063314.9921619892] /home/destin/.zsh/antigen/antigen.zsh:1756
[WRN][1559063314.9921619892] Parallel replace-apply PARALLEL REPLACE-APPLY
[WRN][1559063314.9923620224] /home/destin/.zsh/antigen/antigen.zsh:1695
[WRN][1559063314.9923620224] Parallel antigen-bundle-parallel-execute PARALLEL
[WRN][1559063314.9924542904] /home/destin/.zsh/antigen/antigen.zsh:1699
[WRN][1559063314.9924542904] Gonna install in parallel 7 bundles. PARALLEL
[WRN][1559063314.9925327301] /home/destin/.zsh/antigen/antigen.zsh:1701
[WRN][1559063314.9925327301] zsh-users/zsh-completions zsh-users/zsh-autosuggestions zdharma/fast-syntax-highlighting zlsun/solarized-man changyuheng/zsh-interactive-cd urbainvaes/fzf-marks bhilburn/powerlevel9k powerlevel9k --btype=theme PARALLEL
[WRN][1559063314.9930615425] /home/destin/.zsh/antigen/antigen.zsh:1708
[WRN][1559063314.9930615425] Install in parallel zsh-users/zsh-completions. PARALLEL
[WRN][1559063314.9939353466] /home/destin/.zsh/antigen/antigen.zsh:1708
[WRN][1559063314.9939353466] Install in parallel zsh-users/zsh-autosuggestions. PARALLEL
[WRN][1559063314.9948048592] /home/destin/.zsh/antigen/antigen.zsh:1708
[WRN][1559063314.9948048592] Install in parallel zdharma/fast-syntax-highlighting. PARALLEL
[WRN][1559063314.9957408905] /home/destin/.zsh/antigen/antigen.zsh:1708
[WRN][1559063314.9957408905] Install in parallel zlsun/solarized-man. PARALLEL
[WRN][1559063314.9966456890] /home/destin/.zsh/antigen/antigen.zsh:1708
[WRN][1559063314.9966456890] Install in parallel changyuheng/zsh-interactive-cd. PARALLEL
[WRN][1559063315.0030498505] /home/destin/.zsh/antigen/antigen.zsh:1708
[WRN][1559063315.0030498505] Install in parallel urbainvaes/fzf-marks. PARALLEL
[WRN][1559063315.0114438534] /home/destin/.zsh/antigen/antigen.zsh:1708
[WRN][1559063315.0114438534] Install in parallel bhilburn/powerlevel9k. PARALLEL
[WRN][1559063317.7643365860] /home/destin/.zsh/antigen/antigen.zsh:1469
[WRN][1559063317.7643365860] Updated meta: target antigen-bundle mode repeat type pre called 15
[WRN][1559063317.7644643784] /home/destin/.zsh/antigen/antigen.zsh:1484
[WRN][1559063317.7644643784] Processing hooks: antigen-bundle-cached
[WRN][1559063317.7645497322] /home/destin/.zsh/antigen/antigen.zsh:1487
[WRN][1559063317.7645497322] Pre hook: antigen-bundle-cached zsh-users/zsh-completions
[WRN][1559063317.7646780014] /home/destin/.zsh/antigen/antigen.zsh:1505
[WRN][1559063317.7646780014] -antigen-hook-antigen-bundle zsh-users/zsh-completions
[TRA][1559063317.7647676468] /home/destin/.zsh/antigen/antigen.zsh:1438
[TRA][1559063317.7647676468] Called antigen-bundle with zsh-users/zsh-completions BUNDLE
[TRA][1559063317.7647676468] TRACE
-antigen-hook-antigen-bundle
-antigen-hook-handler
antigen-bundle
antigen-bundle-parallel-execute
antigen-apply-parallel-execute
-antigen-hook-handler
antigen-apply
-antigen-hook-antigen
-antigen-hook-handler
antigen
/home/destin/.zsh/.zshrc
[WRN][1559063317.7656490803] /home/destin/.zsh/antigen/antigen.zsh:1469
[WRN][1559063317.7656490803] Updated meta: target -antigen-load-env mode repeat type replace called 1
[WRN][1559063317.7657544613] /home/destin/.zsh/antigen/antigen.zsh:1484
[WRN][1559063317.7657544613] Processing hooks: -antigen-load-env-cached
[WRN][1559063317.7658708096] /home/destin/.zsh/antigen/antigen.zsh:1498
[WRN][1559063317.7658708096] Replace hook: -antigen-load-env-cached dir /home/destin/.zsh/antigen/bundles/zsh-users/zsh-completions btype plugin url https://github.com/zsh-users/zsh-completions.git loc / name zsh-users/zsh-completions make_local_clone true
[WRN][1559063317.7660503387] /home/destin/.zsh/antigen/antigen.zsh:1509
[WRN][1559063317.7660503387] Replaced hooked function.
[LOG][1559063317.7661347389] /home/destin/.zsh/antigen/antigen.zsh:1518
[LOG][1559063317.7661347389] Return from hook -antigen-load-env with 0
[WRN][1559063317.7663602829] /home/destin/.zsh/antigen/antigen.zsh:1469
[WRN][1559063317.7663602829] Updated meta: target -antigen-load-source mode repeat type replace called 1
[WRN][1559063317.7664597034] /home/destin/.zsh/antigen/antigen.zsh:1484
[WRN][1559063317.7664597034] Processing hooks: -antigen-load-source-cached
[WRN][1559063317.7665619850] /home/destin/.zsh/antigen/antigen.zsh:1498
[WRN][1559063317.7665619850] Replace hook: -antigen-load-source-cached /home/destin/.zsh/antigen/bundles/zsh-users/zsh-completions///zsh-completions.plugin.zsh
[WRN][1559063317.7666823864] /home/destin/.zsh/antigen/antigen.zsh:1509
[WRN][1559063317.7666823864] Replaced hooked function.
[LOG][1559063317.7667663097] /home/destin/.zsh/antigen/antigen.zsh:1518
[LOG][1559063317.7667663097] Return from hook -antigen-load-source with 0
[LOG][1559063317.7669157982] /home/destin/.zsh/antigen/antigen.zsh:1518
[LOG][1559063317.7669157982] Return from hook antigen-bundle with 0
[WRN][1559063317.7671346664] /home/destin/.zsh/antigen/antigen.zsh:1469
[WRN][1559063317.7671346664] Updated meta: target antigen-bundle mode repeat type pre called 16
[WRN][1559063317.7672278881] /home/destin/.zsh/antigen/antigen.zsh:1484
[WRN][1559063317.7672278881] Processing hooks: antigen-bundle-cached
[WRN][1559063317.7673077583] /home/destin/.zsh/antigen/antigen.zsh:1487
[WRN][1559063317.7673077583] Pre hook: antigen-bundle-cached zsh-users/zsh-autosuggestions
[WRN][1559063317.7674298286] /home/destin/.zsh/antigen/antigen.zsh:1505
[WRN][1559063317.7674298286] -antigen-hook-antigen-bundle zsh-users/zsh-autosuggestions
[TRA][1559063317.7675151825] /home/destin/.zsh/antigen/antigen.zsh:1438
[TRA][1559063317.7675151825] Called antigen-bundle with zsh-users/zsh-autosuggestions BUNDLE
[TRA][1559063317.7675151825] TRACE
-antigen-hook-antigen-bundle
-antigen-hook-handler
antigen-bundle
antigen-bundle-parallel-execute
antigen-apply-parallel-execute
-antigen-hook-handler
antigen-apply
-antigen-hook-antigen
-antigen-hook-handler
antigen
/home/destin/.zsh/.zshrc
[WRN][1559063317.7684261799] /home/destin/.zsh/antigen/antigen.zsh:1469
[WRN][1559063317.7684261799] Updated meta: target -antigen-load-env mode repeat type replace called 2
[WRN][1559063317.7685329914] /home/destin/.zsh/antigen/antigen.zsh:1484
[WRN][1559063317.7685329914] Processing hooks: -antigen-load-env-cached
[WRN][1559063317.7686476707] /home/destin/.zsh/antigen/antigen.zsh:1498
[WRN][1559063317.7686476707] Replace hook: -antigen-load-env-cached dir /home/destin/.zsh/antigen/bundles/zsh-users/zsh-autosuggestions btype plugin url https://github.com/zsh-users/zsh-autosuggestions.git loc / name zsh-users/zsh-autosuggestions make_local_clone true
[WRN][1559063317.7688207626] /home/destin/.zsh/antigen/antigen.zsh:1509
[WRN][1559063317.7688207626] Replaced hooked function.
[LOG][1559063317.7689070702] /home/destin/.zsh/antigen/antigen.zsh:1518
[LOG][1559063317.7689070702] Return from hook -antigen-load-env with 0
[WRN][1559063317.7691512108] /home/destin/.zsh/antigen/antigen.zsh:1469
[WRN][1559063317.7691512108] Updated meta: target -antigen-load-source mode repeat type replace called 2
[WRN][1559063317.7692508698] /home/destin/.zsh/antigen/antigen.zsh:1484
[WRN][1559063317.7692508698] Processing hooks: -antigen-load-source-cached
[WRN][1559063317.7693536282] /home/destin/.zsh/antigen/antigen.zsh:1498
[WRN][1559063317.7693536282] Replace hook: -antigen-load-source-cached /home/destin/.zsh/antigen/bundles/zsh-users/zsh-autosuggestions///zsh-autosuggestions.plugin.zsh
[WRN][1559063317.7694706917] /home/destin/.zsh/antigen/antigen.zsh:1509
[WRN][1559063317.7694706917] Replaced hooked function.
[LOG][1559063317.7695536613] /home/destin/.zsh/antigen/antigen.zsh:1518
[LOG][1559063317.7695536613] Return from hook -antigen-load-source with 0
[LOG][1559063317.7697205544] /home/destin/.zsh/antigen/antigen.zsh:1518
[LOG][1559063317.7697205544] Return from hook antigen-bundle with 0
[WRN][1559063317.7699453831] /home/destin/.zsh/antigen/antigen.zsh:1469
[WRN][1559063317.7699453831] Updated meta: target antigen-bundle mode repeat type pre called 17
[WRN][1559063317.7700407505] /home/destin/.zsh/antigen/antigen.zsh:1484
[WRN][1559063317.7700407505] Processing hooks: antigen-bundle-cached
[WRN][1559063317.7701206207] /home/destin/.zsh/antigen/antigen.zsh:1487
[WRN][1559063317.7701206207] Pre hook: antigen-bundle-cached zdharma/fast-syntax-highlighting
[WRN][1559063317.7702443600] /home/destin/.zsh/antigen/antigen.zsh:1505
[WRN][1559063317.7702443600] -antigen-hook-antigen-bundle zdharma/fast-syntax-highlighting
[TRA][1559063317.7703294754] /home/destin/.zsh/antigen/antigen.zsh:1438
[TRA][1559063317.7703294754] Called antigen-bundle with zdharma/fast-syntax-highlighting BUNDLE
[TRA][1559063317.7703294754] TRACE
-antigen-hook-antigen-bundle
-antigen-hook-handler
antigen-bundle
antigen-bundle-parallel-execute
antigen-apply-parallel-execute
-antigen-hook-handler
antigen-apply
-antigen-hook-antigen
-antigen-hook-handler
antigen
/home/destin/.zsh/.zshrc
[WRN][1559063317.7711293697] /home/destin/.zsh/antigen/antigen.zsh:1469
[WRN][1559063317.7711293697] Updated meta: target -antigen-load-env mode repeat type replace called 3
[WRN][1559063317.7712306976] /home/destin/.zsh/antigen/antigen.zsh:1484
[WRN][1559063317.7712306976] Processing hooks: -antigen-load-env-cached
[WRN][1559063317.7713429928] /home/destin/.zsh/antigen/antigen.zsh:1498
[WRN][1559063317.7713429928] Replace hook: -antigen-load-env-cached dir /home/destin/.zsh/antigen/bundles/zdharma/fast-syntax-highlighting btype plugin url https://github.com/zdharma/fast-syntax-highlighting.git loc / name zdharma/fast-syntax-highlighting make_local_clone true
[WRN][1559063317.7715139389] /home/destin/.zsh/antigen/antigen.zsh:1509
[WRN][1559063317.7715139389] Replaced hooked function.
[LOG][1559063317.7715985775] /home/destin/.zsh/antigen/antigen.zsh:1518
[LOG][1559063317.7715985775] Return from hook -antigen-load-env with 0
[WRN][1559063317.7718324661] /home/destin/.zsh/antigen/antigen.zsh:1469
[WRN][1559063317.7718324661] Updated meta: target -antigen-load-source mode repeat type replace called 3
[WRN][1559063317.7719423771] /home/destin/.zsh/antigen/antigen.zsh:1484
[WRN][1559063317.7719423771] Processing hooks: -antigen-load-source-cached
[WRN][1559063317.7720487118] /home/destin/.zsh/antigen/antigen.zsh:1498
[WRN][1559063317.7720487118] Replace hook: -antigen-load-source-cached /home/destin/.zsh/antigen/bundles/zdharma/fast-syntax-highlighting///fast-syntax-highlighting.plugin.zsh
[WRN][1559063317.7721691132] /home/destin/.zsh/antigen/antigen.zsh:1509
[WRN][1559063317.7721691132] Replaced hooked function.
[LOG][1559063317.7722542286] /home/destin/.zsh/antigen/antigen.zsh:1518
[LOG][1559063317.7722542286] Return from hook -antigen-load-source with 0
[LOG][1559063317.7724132538] /home/destin/.zsh/antigen/antigen.zsh:1518
[LOG][1559063317.7724132538] Return from hook antigen-bundle with 0
[WRN][1559063317.7726423740] /home/destin/.zsh/antigen/antigen.zsh:1469
[WRN][1559063317.7726423740] Updated meta: target antigen-bundle mode repeat type pre called 18
[WRN][1559063317.7727377415] /home/destin/.zsh/antigen/antigen.zsh:1484
[WRN][1559063317.7727377415] Processing hooks: antigen-bundle-cached
[WRN][1559063317.7728176117] /home/destin/.zsh/antigen/antigen.zsh:1487
[WRN][1559063317.7728176117] Pre hook: antigen-bundle-cached zlsun/solarized-man
[WRN][1559063317.7729394436] /home/destin/.zsh/antigen/antigen.zsh:1505
[WRN][1559063317.7729394436] -antigen-hook-antigen-bundle zlsun/solarized-man
[TRA][1559063317.7730252743] /home/destin/.zsh/antigen/antigen.zsh:1438
[TRA][1559063317.7730252743] Called antigen-bundle with zlsun/solarized-man BUNDLE
[TRA][1559063317.7730252743] TRACE
-antigen-hook-antigen-bundle
-antigen-hook-handler
antigen-bundle
antigen-bundle-parallel-execute
antigen-apply-parallel-execute
-antigen-hook-handler
antigen-apply
-antigen-hook-antigen
-antigen-hook-handler
antigen
/home/destin/.zsh/.zshrc
[WRN][1559063317.7738420963] /home/destin/.zsh/antigen/antigen.zsh:1469
[WRN][1559063317.7738420963] Updated meta: target -antigen-load-env mode repeat type replace called 4
[WRN][1559063317.7739436626] /home/destin/.zsh/antigen/antigen.zsh:1484
[WRN][1559063317.7739436626] Processing hooks: -antigen-load-env-cached
[WRN][1559063317.7740554810] /home/destin/.zsh/antigen/antigen.zsh:1498
[WRN][1559063317.7740554810] Replace hook: -antigen-load-env-cached dir /home/destin/.zsh/antigen/bundles/zlsun/solarized-man btype plugin url https://github.com/zlsun/solarized-man.git loc / name zlsun/solarized-man make_local_clone true
[WRN][1559063317.7742242813] /home/destin/.zsh/antigen/antigen.zsh:1509
[WRN][1559063317.7742242813] Replaced hooked function.
[LOG][1559063317.7743082047] /home/destin/.zsh/antigen/antigen.zsh:1518
[LOG][1559063317.7743082047] Return from hook -antigen-load-env with 0
[WRN][1559063317.7745351791] /home/destin/.zsh/antigen/antigen.zsh:1469
[WRN][1559063317.7745351791] Updated meta: target -antigen-load-source mode repeat type replace called 4
[WRN][1559063317.7746336460] /home/destin/.zsh/antigen/antigen.zsh:1484
[WRN][1559063317.7746336460] Processing hooks: -antigen-load-source-cached
[WRN][1559063317.7747356892] /home/destin/.zsh/antigen/antigen.zsh:1498
[WRN][1559063317.7747356892] Replace hook: -antigen-load-source-cached /home/destin/.zsh/antigen/bundles/zlsun/solarized-man///solarized-man.plugin.zsh
[WRN][1559063317.7748515606] /home/destin/.zsh/antigen/antigen.zsh:1509
[WRN][1559063317.7748515606] Replaced hooked function.
[LOG][1559063317.7749345303] /home/destin/.zsh/antigen/antigen.zsh:1518
[LOG][1559063317.7749345303] Return from hook -antigen-load-source with 0
[LOG][1559063317.7750828266] /home/destin/.zsh/antigen/antigen.zsh:1518
[LOG][1559063317.7750828266] Return from hook antigen-bundle with 0
[WRN][1559063317.7753021717] /home/destin/.zsh/antigen/antigen.zsh:1469
[WRN][1559063317.7753021717] Updated meta: target antigen-bundle mode repeat type pre called 19
[WRN][1559063317.7753965855] /home/destin/.zsh/antigen/antigen.zsh:1484
[WRN][1559063317.7753965855] Processing hooks: antigen-bundle-cached
[WRN][1559063317.7754836082] /home/destin/.zsh/antigen/antigen.zsh:1487
[WRN][1559063317.7754836082] Pre hook: antigen-bundle-cached changyuheng/zsh-interactive-cd
[WRN][1559063317.7756068707] /home/destin/.zsh/antigen/antigen.zsh:1505
[WRN][1559063317.7756068707] -antigen-hook-antigen-bundle changyuheng/zsh-interactive-cd
[TRA][1559063317.7756927013] /home/destin/.zsh/antigen/antigen.zsh:1438
[TRA][1559063317.7756927013] Called antigen-bundle with changyuheng/zsh-interactive-cd BUNDLE
[TRA][1559063317.7756927013] TRACE
-antigen-hook-antigen-bundle
-antigen-hook-handler
antigen-bundle
antigen-bundle-parallel-execute
antigen-apply-parallel-execute
-antigen-hook-handler
antigen-apply
-antigen-hook-antigen
-antigen-hook-handler
antigen
/home/destin/.zsh/.zshrc
[WRN][1559063317.7764835358] /home/destin/.zsh/antigen/antigen.zsh:1469
[WRN][1559063317.7764835358] Updated meta: target -antigen-load-env mode repeat type replace called 5
[WRN][1559063317.7765862942] /home/destin/.zsh/antigen/antigen.zsh:1484
[WRN][1559063317.7765862942] Processing hooks: -antigen-load-env-cached
[WRN][1559063317.7766971588] /home/destin/.zsh/antigen/antigen.zsh:1498
[WRN][1559063317.7766971588] Replace hook: -antigen-load-env-cached dir /home/destin/.zsh/antigen/bundles/changyuheng/zsh-interactive-cd btype plugin url https://github.com/changyuheng/zsh-interactive-cd.git loc / name changyuheng/zsh-interactive-cd make_local_clone true
[WRN][1559063317.7768669128] /home/destin/.zsh/antigen/antigen.zsh:1509
[WRN][1559063317.7768669128] Replaced hooked function.
[LOG][1559063317.7769501209] /home/destin/.zsh/antigen/antigen.zsh:1518
[LOG][1559063317.7769501209] Return from hook -antigen-load-env with 0
[WRN][1559063317.7771763802] /home/destin/.zsh/antigen/antigen.zsh:1469
[WRN][1559063317.7771763802] Updated meta: target -antigen-load-source mode repeat type replace called 5
[WRN][1559063317.7772753239] /home/destin/.zsh/antigen/antigen.zsh:1484
[WRN][1559063317.7772753239] Processing hooks: -antigen-load-source-cached
[WRN][1559063317.7773776054] /home/destin/.zsh/antigen/antigen.zsh:1498
[WRN][1559063317.7773776054] Replace hook: -antigen-load-source-cached /home/destin/.zsh/antigen/bundles/changyuheng/zsh-interactive-cd///zsh-interactive-cd.plugin.zsh
[WRN][1559063317.7774949074] /home/destin/.zsh/antigen/antigen.zsh:1509
[WRN][1559063317.7774949074] Replaced hooked function.
[LOG][1559063317.7775776386] /home/destin/.zsh/antigen/antigen.zsh:1518
[LOG][1559063317.7775776386] Return from hook -antigen-load-source with 0
[LOG][1559063317.7777266502] /home/destin/.zsh/antigen/antigen.zsh:1518
[LOG][1559063317.7777266502] Return from hook antigen-bundle with 0
[WRN][1559063317.7781302929] /home/destin/.zsh/antigen/antigen.zsh:1469
[WRN][1559063317.7781302929] Updated meta: target antigen-bundle mode repeat type pre called 20
[WRN][1559063317.7782320976] /home/destin/.zsh/antigen/antigen.zsh:1484
[WRN][1559063317.7782320976] Processing hooks: antigen-bundle-cached
[WRN][1559063317.7783162594] /home/destin/.zsh/antigen/antigen.zsh:1487
[WRN][1559063317.7783162594] Pre hook: antigen-bundle-cached urbainvaes/fzf-marks
[WRN][1559063317.7784411907] /home/destin/.zsh/antigen/antigen.zsh:1505
[WRN][1559063317.7784411907] -antigen-hook-antigen-bundle urbainvaes/fzf-marks
[TRA][1559063317.7785301208] /home/destin/.zsh/antigen/antigen.zsh:1438
[TRA][1559063317.7785301208] Called antigen-bundle with urbainvaes/fzf-marks BUNDLE
[TRA][1559063317.7785301208] TRACE
-antigen-hook-antigen-bundle
-antigen-hook-handler
antigen-bundle
antigen-bundle-parallel-execute
antigen-apply-parallel-execute
-antigen-hook-handler
antigen-apply
-antigen-hook-antigen
-antigen-hook-handler
antigen
/home/destin/.zsh/.zshrc
[WRN][1559063317.7793073654] /home/destin/.zsh/antigen/antigen.zsh:1469
[WRN][1559063317.7793073654] Updated meta: target -antigen-load-env mode repeat type replace called 6
[WRN][1559063317.7794120312] /home/destin/.zsh/antigen/antigen.zsh:1484
[WRN][1559063317.7794120312] Processing hooks: -antigen-load-env-cached
[WRN][1559063317.7795324326] /home/destin/.zsh/antigen/antigen.zsh:1498
[WRN][1559063317.7795324326] Replace hook: -antigen-load-env-cached dir /home/destin/.zsh/antigen/bundles/urbainvaes/fzf-marks btype plugin url https://github.com/urbainvaes/fzf-marks.git loc / name urbainvaes/fzf-marks make_local_clone true
[WRN][1559063317.7797055244] /home/destin/.zsh/antigen/antigen.zsh:1509
[WRN][1559063317.7797055244] Replaced hooked function.
[LOG][1559063317.7797913551] /home/destin/.zsh/antigen/antigen.zsh:1518
[LOG][1559063317.7797913551] Return from hook -antigen-load-env with 0
[WRN][1559063317.7800250053] /home/destin/.zsh/antigen/antigen.zsh:1469
[WRN][1559063317.7800250053] Updated meta: target -antigen-load-source mode repeat type replace called 6
[WRN][1559063317.7801258564] /home/destin/.zsh/antigen/antigen.zsh:1484
[WRN][1559063317.7801258564] Processing hooks: -antigen-load-source-cached
[WRN][1559063317.7802324295] /home/destin/.zsh/antigen/antigen.zsh:1498
[WRN][1559063317.7802324295] Replace hook: -antigen-load-source-cached /home/destin/.zsh/antigen/bundles/urbainvaes/fzf-marks///fzf-marks.plugin.zsh /home/destin/.zsh/antigen/bundles/urbainvaes/fzf-marks///init.zsh
[WRN][1559063317.7803556919] /home/destin/.zsh/antigen/antigen.zsh:1509
[WRN][1559063317.7803556919] Replaced hooked function.
[LOG][1559063317.7804410458] /home/destin/.zsh/antigen/antigen.zsh:1518
[LOG][1559063317.7804410458] Return from hook -antigen-load-source with 0
[LOG][1559063317.7805917263] /home/destin/.zsh/antigen/antigen.zsh:1518
[LOG][1559063317.7805917263] Return from hook antigen-bundle with 0
[WRN][1559063317.7808129787] /home/destin/.zsh/antigen/antigen.zsh:1469
[WRN][1559063317.7808129787] Updated meta: target antigen-bundle mode repeat type pre called 21
[WRN][1559063317.7809095383] /home/destin/.zsh/antigen/antigen.zsh:1484
[WRN][1559063317.7809095383] Processing hooks: antigen-bundle-cached
[WRN][1559063317.7809925079] /home/destin/.zsh/antigen/antigen.zsh:1487
[WRN][1559063317.7809925079] Pre hook: antigen-bundle-cached bhilburn/powerlevel9k powerlevel9k --btype=theme
[WRN][1559063317.7811198235] /home/destin/.zsh/antigen/antigen.zsh:1505
[WRN][1559063317.7811198235] -antigen-hook-antigen-bundle bhilburn/powerlevel9k powerlevel9k --btype=theme
[TRA][1559063317.7812080383] /home/destin/.zsh/antigen/antigen.zsh:1438
[TRA][1559063317.7812080383] Called antigen-bundle with bhilburn/powerlevel9k powerlevel9k --btype=theme BUNDLE
[TRA][1559063317.7812080383] TRACE
-antigen-hook-antigen-bundle
-antigen-hook-handler
antigen-bundle
antigen-bundle-parallel-execute
antigen-apply-parallel-execute
-antigen-hook-handler
antigen-apply
-antigen-hook-antigen
-antigen-hook-handler
antigen
/home/destin/.zsh/.zshrc
[WRN][1559063317.7819855213] /home/destin/.zsh/antigen/antigen.zsh:1469
[WRN][1559063317.7819855213] Updated meta: target -antigen-load-env mode repeat type replace called 7
[WRN][1559063317.7820892334] /home/destin/.zsh/antigen/antigen.zsh:1484
[WRN][1559063317.7820892334] Processing hooks: -antigen-load-env-cached
[WRN][1559063317.7822022438] /home/destin/.zsh/antigen/antigen.zsh:1498
[WRN][1559063317.7822022438] Replace hook: -antigen-load-env-cached dir /home/destin/.zsh/antigen/bundles/bhilburn/powerlevel9k btype theme url https://github.com/bhilburn/powerlevel9k.git loc powerlevel9k.zsh-theme name bhilburn/powerlevel9k make_local_clone true
[WRN][1559063317.7823705673] /home/destin/.zsh/antigen/antigen.zsh:1509
[WRN][1559063317.7823705673] Replaced hooked function.
[LOG][1559063317.7824566364] /home/destin/.zsh/antigen/antigen.zsh:1518
[LOG][1559063317.7824566364] Return from hook -antigen-load-env with 0
[WRN][1559063317.7826843262] /home/destin/.zsh/antigen/antigen.zsh:1469
[WRN][1559063317.7826843262] Updated meta: target -antigen-load-source mode repeat type replace called 7
[WRN][1559063317.7827854156] /home/destin/.zsh/antigen/antigen.zsh:1484
[WRN][1559063317.7827854156] Processing hooks: -antigen-load-source-cached
[WRN][1559063317.7828898430] /home/destin/.zsh/antigen/antigen.zsh:1498
[WRN][1559063317.7828898430] Replace hook: -antigen-load-source-cached /home/destin/.zsh/antigen/bundles/bhilburn/powerlevel9k/powerlevel9k.zsh-theme
[WRN][1559063317.7830123901] /home/destin/.zsh/antigen/antigen.zsh:1509
[WRN][1559063317.7830123901] Replaced hooked function.
[LOG][1559063317.7830979824] /home/destin/.zsh/antigen/antigen.zsh:1518
[LOG][1559063317.7830979824] Return from hook -antigen-load-source with 0
[LOG][1559063317.7832486629] /home/destin/.zsh/antigen/antigen.zsh:1518
[LOG][1559063317.7832486629] Return from hook antigen-bundle with 0
[WRN][1559063317.7833604813] /home/destin/.zsh/antigen/antigen.zsh:1739
[WRN][1559063317.7833604813] Parallel install done PARALLEL
[WRN][1559063317.7836844921] /home/destin/.zsh/antigen/antigen.zsh:1462
[WRN][1559063317.7836844921] Ignoring hook due to mode once: antigen-apply-lock
[WRN][1559063317.7837958336] /home/destin/.zsh/antigen/antigen.zsh:1462
[WRN][1559063317.7837958336] Ignoring hook due to mode once: antigen-apply-parallel
[WRN][1559063317.7839031219] /home/destin/.zsh/antigen/antigen.zsh:1462
[WRN][1559063317.7839031219] Ignoring hook due to mode once: antigen-apply-defer
[WRN][1559063317.7840104103] /home/destin/.zsh/antigen/antigen.zsh:1462
[WRN][1559063317.7840104103] Ignoring hook due to mode once: antigen-apply-cached
[WRN][1559063317.7840962410] /home/destin/.zsh/antigen/antigen.zsh:1484
[WRN][1559063317.7840962410] Processing hooks: antigen-apply-lock antigen-apply-parallel antigen-apply-defer antigen-apply-cached
[WRN][1559063317.7841935158] /home/destin/.zsh/antigen/antigen.zsh:1505
[WRN][1559063317.7841935158] -antigen-hook-antigen-apply 
[LOG][1559063317.7842822075] /home/destin/.zsh/antigen/antigen.zsh:1438
[LOG][1559063317.7842822075] Called antigen-apply
[TRA][1559063317.7843611240] /home/destin/.zsh/antigen/antigen.zsh:1439
[TRA][1559063317.7843611240] Gonna create compdump file @ apply COMPDUMP
[TRA][1559063317.7843611240] TRACE
-antigen-hook-antigen-apply
-antigen-hook-handler
antigen-apply
antigen-apply-parallel-execute
-antigen-hook-handler
antigen-apply
-antigen-hook-antigen
-antigen-hook-handler
antigen
/home/destin/.zsh/.zshrc
[LOG][1559063317.8017323017] /home/destin/.zsh/antigen/antigen.zsh:1518
[LOG][1559063317.8017323017] Return from hook antigen-apply with 0
[WRN][1559063317.8019573689] /home/destin/.zsh/antigen/antigen.zsh:1509
[WRN][1559063317.8019573689] Replaced hooked function.
[WRN][1559063317.8020436764] /home/destin/.zsh/antigen/antigen.zsh:1513
[WRN][1559063317.8020436764] Post hook: antigen-apply-lock
[WRN][1559063317.8021326065] /home/destin/.zsh/antigen/antigen.zsh:1676
[WRN][1559063317.8021326065] Freeing antigen-lock file at /home/destin/.zsh/antigen/.lock
[WRN][1559063317.8039588928] /home/destin/.zsh/antigen/antigen.zsh:1513
[WRN][1559063317.8039588928] Post hook: antigen-apply-cached
[LOG][1559063317.8040850163] /home/destin/.zsh/antigen/antigen.zsh:1893
[LOG][1559063317.8040850163] TRACE: /home/destin/.zsh/antigen/antigen.zsh:1514 /home/destin/.zsh/antigen/antigen.zsh:1441 /home/destin/.zsh/antigen/antigen.zsh:1447 /home/destin/.zsh/antigen/antigen.zsh:1506 /home/destin/.zsh/antigen/antigen.zsh:1441 /home/destin/.zsh/.zshrc:126 zsh:0
[LOG][1559063317.8042609692] /home/destin/.zsh/antigen/antigen.zsh:1787
[LOG][1559063317.8042609692] Gonna generate cache for /home/destin/.zsh/antigen/bundles/zsh-users/zsh-completions// /home/destin/.zsh/antigen/bundles/zsh-users/zsh-completions///zsh-completions.plugin.zsh /home/destin/.zsh/antigen/bundles/zsh-users/zsh-autosuggestions// /home/destin/.zsh/antigen/bundles/zsh-users/zsh-autosuggestions///zsh-autosuggestions.plugin.zsh /home/destin/.zsh/antigen/bundles/zdharma/fast-syntax-highlighting// /home/destin/.zsh/antigen/bundles/zdharma/fast-syntax-highlighting///fast-syntax-highlighting.plugin.zsh /home/destin/.zsh/antigen/bundles/zlsun/solarized-man// /home/destin/.zsh/antigen/bundles/zlsun/solarized-man///solarized-man.plugin.zsh /home/destin/.zsh/antigen/bundles/changyuheng/zsh-interactive-cd// /home/destin/.zsh/antigen/bundles/changyuheng/zsh-interactive-cd///zsh-interactive-cd.plugin.zsh /home/destin/.zsh/antigen/bundles/urbainvaes/fzf-marks// /home/destin/.zsh/antigen/bundles/urbainvaes/fzf-marks///fzf-marks.plugin.zsh /home/destin/.zsh/antigen/bundles/urbainvaes/fzf-marks///init.zsh /home/destin/.zsh/antigen/bundles/bhilburn/powerlevel9k/powerlevel9k.zsh-theme /home/destin/.zsh/antigen/bundles/bhilburn/powerlevel9k/powerlevel9k.zsh-theme
[LOG][1559063317.8168659210] /home/destin/.zsh/antigen/antigen.zsh:1844
[LOG][1559063317.8168659210] CHECK_FILES /home/destin/.zshrc /home/destin/.zsh/02_plugins.zsh
[LOG][1559063317.8845489025] /home/destin/.zsh/antigen/antigen.zsh:1518
[LOG][1559063317.8845489025] Return from hook antigen-apply with 0
[LOG][1559063317.8847529888] /home/destin/.zsh/antigen/antigen.zsh:1518
[LOG][1559063317.8847529888] Return from hook antigen with 0
